[35m[1mConsolidate compiler generated dependencies of target navigation_node[0m
[100%] Built target navigation_node
-- Install configuration: ""
-- Up-to-date: /home/marcos/Documents/UPV/GIIROB/G3/ROM/myGitHub/ROM_2425/ros2_ws/install/little_warehouse/lib/little_warehouse/navigation_node
-- Up-to-date: /home/marcos/Documents/UPV/GIIROB/G3/ROM/myGitHub/ROM_2425/ros2_ws/install/little_warehouse/share/little_warehouse/launch
-- Up-to-date: /home/marcos/Documents/UPV/GIIROB/G3/ROM/myGitHub/ROM_2425/ros2_ws/install/little_warehouse/share/little_warehouse/launch/cartographer.launch.py
-- Up-to-date: /home/marcos/Documents/UPV/GIIROB/G3/ROM/myGitHub/ROM_2425/ros2_ws/install/little_warehouse/share/little_warehouse/launch/coppeliasim_no_rviz2.launch.py
-- Up-to-date: /home/marcos/Documents/UPV/GIIROB/G3/ROM/myGitHub/ROM_2425/ros2_ws/install/little_warehouse/share/little_warehouse/launch/speed_limit.launch.py
-- Up-to-date: /home/marcos/Documents/UPV/GIIROB/G3/ROM/myGitHub/ROM_2425/ros2_ws/install/little_warehouse/share/little_warehouse/launch/navigation_with_speed_limit.launch.py
-- Up-to-date: /home/marcos/Documents/UPV/GIIROB/G3/ROM/myGitHub/ROM_2425/ros2_ws/install/little_warehouse/share/little_warehouse/params
-- Up-to-date: /home/marcos/Documents/UPV/GIIROB/G3/ROM/myGitHub/ROM_2425/ros2_ws/install/little_warehouse/share/little_warehouse/params/positions.yaml
-- Up-to-date: /home/marcos/Documents/UPV/GIIROB/G3/ROM/myGitHub/ROM_2425/ros2_ws/install/little_warehouse/share/little_warehouse/params/nav2_params_speed_limit.yaml
-- Up-to-date: /home/marcos/Documents/UPV/GIIROB/G3/ROM/myGitHub/ROM_2425/ros2_ws/install/little_warehouse/share/little_warehouse/params/speed_params.yaml
-- Up-to-date: /home/marcos/Documents/UPV/GIIROB/G3/ROM/myGitHub/ROM_2425/ros2_ws/install/little_warehouse/share/little_warehouse/params/burgerr.yaml
-- Up-to-date: /home/marcos/Documents/UPV/GIIROB/G3/ROM/myGitHub/ROM_2425/ros2_ws/install/little_warehouse/share/little_warehouse/params/orders.yaml
-- Up-to-date: /home/marcos/Documents/UPV/GIIROB/G3/ROM/myGitHub/ROM_2425/ros2_ws/install/little_warehouse/share/little_warehouse/scenes
-- Up-to-date: /home/marcos/Documents/UPV/GIIROB/G3/ROM/myGitHub/ROM_2425/ros2_ws/install/little_warehouse/share/little_warehouse/scenes/coppeliasim_scene.ttt
-- Up-to-date: /home/marcos/Documents/UPV/GIIROB/G3/ROM/myGitHub/ROM_2425/ros2_ws/install/little_warehouse/share/little_warehouse/rviz
-- Up-to-date: /home/marcos/Documents/UPV/GIIROB/G3/ROM/myGitHub/ROM_2425/ros2_ws/install/little_warehouse/share/little_warehouse/rviz/navigation_with_speed_limit.rviz
-- Up-to-date: /home/marcos/Documents/UPV/GIIROB/G3/ROM/myGitHub/ROM_2425/ros2_ws/install/little_warehouse/share/little_warehouse/urdf
-- Up-to-date: /home/marcos/Documents/UPV/GIIROB/G3/ROM/myGitHub/ROM_2425/ros2_ws/install/little_warehouse/share/little_warehouse/urdf/turtlebot3_burger.urdf
-- Up-to-date: /home/marcos/Documents/UPV/GIIROB/G3/ROM/myGitHub/ROM_2425/ros2_ws/install/little_warehouse/share/ament_index/resource_index/package_run_dependencies/little_warehouse
-- Up-to-date: /home/marcos/Documents/UPV/GIIROB/G3/ROM/myGitHub/ROM_2425/ros2_ws/install/little_warehouse/share/ament_index/resource_index/parent_prefix_path/little_warehouse
-- Up-to-date: /home/marcos/Documents/UPV/GIIROB/G3/ROM/myGitHub/ROM_2425/ros2_ws/install/little_warehouse/share/little_warehouse/environment/ament_prefix_path.sh
-- Up-to-date: /home/marcos/Documents/UPV/GIIROB/G3/ROM/myGitHub/ROM_2425/ros2_ws/install/little_warehouse/share/little_warehouse/environment/ament_prefix_path.dsv
-- Up-to-date: /home/marcos/Documents/UPV/GIIROB/G3/ROM/myGitHub/ROM_2425/ros2_ws/install/little_warehouse/share/little_warehouse/environment/path.sh
-- Up-to-date: /home/marcos/Documents/UPV/GIIROB/G3/ROM/myGitHub/ROM_2425/ros2_ws/install/little_warehouse/share/little_warehouse/environment/path.dsv
-- Up-to-date: /home/marcos/Documents/UPV/GIIROB/G3/ROM/myGitHub/ROM_2425/ros2_ws/install/little_warehouse/share/little_warehouse/local_setup.bash
-- Up-to-date: /home/marcos/Documents/UPV/GIIROB/G3/ROM/myGitHub/ROM_2425/ros2_ws/install/little_warehouse/share/little_warehouse/local_setup.sh
-- Up-to-date: /home/marcos/Documents/UPV/GIIROB/G3/ROM/myGitHub/ROM_2425/ros2_ws/install/little_warehouse/share/little_warehouse/local_setup.zsh
-- Up-to-date: /home/marcos/Documents/UPV/GIIROB/G3/ROM/myGitHub/ROM_2425/ros2_ws/install/little_warehouse/share/little_warehouse/local_setup.dsv
-- Installing: /home/marcos/Documents/UPV/GIIROB/G3/ROM/myGitHub/ROM_2425/ros2_ws/install/little_warehouse/share/little_warehouse/package.dsv
-- Up-to-date: /home/marcos/Documents/UPV/GIIROB/G3/ROM/myGitHub/ROM_2425/ros2_ws/install/little_warehouse/share/ament_index/resource_index/packages/little_warehouse
-- Up-to-date: /home/marcos/Documents/UPV/GIIROB/G3/ROM/myGitHub/ROM_2425/ros2_ws/install/little_warehouse/share/little_warehouse/cmake/ament_cmake_export_include_directories-extras.cmake
-- Up-to-date: /home/marcos/Documents/UPV/GIIROB/G3/ROM/myGitHub/ROM_2425/ros2_ws/install/little_warehouse/share/little_warehouse/cmake/little_warehouseConfig.cmake
-- Up-to-date: /home/marcos/Documents/UPV/GIIROB/G3/ROM/myGitHub/ROM_2425/ros2_ws/install/little_warehouse/share/little_warehouse/cmake/little_warehouseConfig-version.cmake
-- Up-to-date: /home/marcos/Documents/UPV/GIIROB/G3/ROM/myGitHub/ROM_2425/ros2_ws/install/little_warehouse/share/little_warehouse/package.xml
