[0.140s] Invoking command in '/home/alumno.upv.es.mbelmar/W/GIIROB/G3/ROM/myGitHub/ROM_2425/ros2_ws/build/little_warehouse': CMAKE_PREFIX_PATH=/opt/ros/humble /usr/bin/cmake --build /home/alumno.upv.es.mbelmar/W/GIIROB/G3/ROM/myGitHub/ROM_2425/ros2_ws/build/little_warehouse -- -j6 -l6
[0.323s] gmake[2]: Atención: El archivo 'CMakeFiles/navigation.dir/compiler_depend.make' tiene una hora de modificación 3,7 s en el futuro
[0.358s] gmake[2]: atención: Se ha detectado una desviación en el reloj. La construcción podría estar incompleta.
[0.388s] gmake[2]: Atención: El archivo 'CMakeFiles/navigation.dir/compiler_depend.make' tiene una hora de modificación 3,7 s en el futuro
[0.395s] gmake[2]: atención: Se ha detectado una desviación en el reloj. La construcción podría estar incompleta.
[0.442s] [100%] Built target navigation
[0.488s] Invoked command in '/home/alumno.upv.es.mbelmar/W/GIIROB/G3/ROM/myGitHub/ROM_2425/ros2_ws/build/little_warehouse' returned '0': CMAKE_PREFIX_PATH=/opt/ros/humble /usr/bin/cmake --build /home/alumno.upv.es.mbelmar/W/GIIROB/G3/ROM/myGitHub/ROM_2425/ros2_ws/build/little_warehouse -- -j6 -l6
[0.543s] Invoking command in '/home/alumno.upv.es.mbelmar/W/GIIROB/G3/ROM/myGitHub/ROM_2425/ros2_ws/build/little_warehouse': CMAKE_PREFIX_PATH=/opt/ros/humble /usr/bin/cmake --install /home/alumno.upv.es.mbelmar/W/GIIROB/G3/ROM/myGitHub/ROM_2425/ros2_ws/build/little_warehouse
[0.572s] -- Install configuration: ""
[0.580s] -- Up-to-date: /home/alumno.upv.es.mbelmar/W/GIIROB/G3/ROM/myGitHub/ROM_2425/ros2_ws/install/little_warehouse/lib/little_warehouse/navigation
[0.591s] -- Up-to-date: /home/alumno.upv.es.mbelmar/W/GIIROB/G3/ROM/myGitHub/ROM_2425/ros2_ws/install/little_warehouse/share/little_warehouse/launch
[0.595s] -- Up-to-date: /home/alumno.upv.es.mbelmar/W/GIIROB/G3/ROM/myGitHub/ROM_2425/ros2_ws/install/little_warehouse/share/little_warehouse/launch/navigation_with_speed_limit.launch.py
[0.596s] -- Up-to-date: /home/alumno.upv.es.mbelmar/W/GIIROB/G3/ROM/myGitHub/ROM_2425/ros2_ws/install/little_warehouse/share/little_warehouse/launch/coppeliasim_no_rviz2.launch.py
[0.598s] -- Up-to-date: /home/alumno.upv.es.mbelmar/W/GIIROB/G3/ROM/myGitHub/ROM_2425/ros2_ws/install/little_warehouse/share/little_warehouse/launch/cartographer.launch.py
[0.599s] -- Up-to-date: /home/alumno.upv.es.mbelmar/W/GIIROB/G3/ROM/myGitHub/ROM_2425/ros2_ws/install/little_warehouse/share/little_warehouse/launch/speed_limit.launch.py
[0.600s] -- Up-to-date: /home/alumno.upv.es.mbelmar/W/GIIROB/G3/ROM/myGitHub/ROM_2425/ros2_ws/install/little_warehouse/share/little_warehouse/param
[0.602s] -- Up-to-date: /home/alumno.upv.es.mbelmar/W/GIIROB/G3/ROM/myGitHub/ROM_2425/ros2_ws/install/little_warehouse/share/little_warehouse/param/nav2_params_speed_limit.yaml
[0.603s] -- Up-to-date: /home/alumno.upv.es.mbelmar/W/GIIROB/G3/ROM/myGitHub/ROM_2425/ros2_ws/install/little_warehouse/share/little_warehouse/param/burger.yaml
[0.604s] -- Up-to-date: /home/alumno.upv.es.mbelmar/W/GIIROB/G3/ROM/myGitHub/ROM_2425/ros2_ws/install/little_warehouse/share/little_warehouse/param/orders.yaml
[0.606s] -- Up-to-date: /home/alumno.upv.es.mbelmar/W/GIIROB/G3/ROM/myGitHub/ROM_2425/ros2_ws/install/little_warehouse/share/little_warehouse/param/speed_params.yaml
[0.608s] -- Up-to-date: /home/alumno.upv.es.mbelmar/W/GIIROB/G3/ROM/myGitHub/ROM_2425/ros2_ws/install/little_warehouse/share/little_warehouse/param/positions.yaml
[0.611s] -- Up-to-date: /home/alumno.upv.es.mbelmar/W/GIIROB/G3/ROM/myGitHub/ROM_2425/ros2_ws/install/little_warehouse/share/little_warehouse/scenes
[0.618s] -- Up-to-date: /home/alumno.upv.es.mbelmar/W/GIIROB/G3/ROM/myGitHub/ROM_2425/ros2_ws/install/little_warehouse/share/little_warehouse/scenes/coppeliasim_scene.ttt
[0.621s] -- Up-to-date: /home/alumno.upv.es.mbelmar/W/GIIROB/G3/ROM/myGitHub/ROM_2425/ros2_ws/install/little_warehouse/share/little_warehouse/rviz
[0.630s] -- Up-to-date: /home/alumno.upv.es.mbelmar/W/GIIROB/G3/ROM/myGitHub/ROM_2425/ros2_ws/install/little_warehouse/share/little_warehouse/rviz/tb3_coppeliasim.rviz
[0.631s] -- Up-to-date: /home/alumno.upv.es.mbelmar/W/GIIROB/G3/ROM/myGitHub/ROM_2425/ros2_ws/install/little_warehouse/share/little_warehouse/rviz/tb3_coppeliasim_map.rviz
[0.634s] -- Up-to-date: /home/alumno.upv.es.mbelmar/W/GIIROB/G3/ROM/myGitHub/ROM_2425/ros2_ws/install/little_warehouse/share/little_warehouse/urdf
[0.634s] -- Up-to-date: /home/alumno.upv.es.mbelmar/W/GIIROB/G3/ROM/myGitHub/ROM_2425/ros2_ws/install/little_warehouse/share/little_warehouse/urdf/turtlebot3_burger.urdf
[0.636s] -- Up-to-date: /home/alumno.upv.es.mbelmar/W/GIIROB/G3/ROM/myGitHub/ROM_2425/ros2_ws/install/little_warehouse/share/little_warehouse/urdf/turtlebot3_burger_cam.urdf
[0.638s] -- Up-to-date: /home/alumno.upv.es.mbelmar/W/GIIROB/G3/ROM/myGitHub/ROM_2425/ros2_ws/install/little_warehouse/share/little_warehouse/urdf/common_properties.urdf
[0.640s] -- Up-to-date: /home/alumno.upv.es.mbelmar/W/GIIROB/G3/ROM/myGitHub/ROM_2425/ros2_ws/install/little_warehouse/share/little_warehouse/models
[0.644s] -- Up-to-date: /home/alumno.upv.es.mbelmar/W/GIIROB/G3/ROM/myGitHub/ROM_2425/ros2_ws/install/little_warehouse/share/little_warehouse/models/turtlebot3_burger
[0.647s] -- Up-to-date: /home/alumno.upv.es.mbelmar/W/GIIROB/G3/ROM/myGitHub/ROM_2425/ros2_ws/install/little_warehouse/share/little_warehouse/models/turtlebot3_burger/model.config
[0.649s] -- Up-to-date: /home/alumno.upv.es.mbelmar/W/GIIROB/G3/ROM/myGitHub/ROM_2425/ros2_ws/install/little_warehouse/share/little_warehouse/models/turtlebot3_burger/model-1_4.sdf
[0.651s] -- Up-to-date: /home/alumno.upv.es.mbelmar/W/GIIROB/G3/ROM/myGitHub/ROM_2425/ros2_ws/install/little_warehouse/share/little_warehouse/models/turtlebot3_burger/model.sdf
[0.656s] -- Up-to-date: /home/alumno.upv.es.mbelmar/W/GIIROB/G3/ROM/myGitHub/ROM_2425/ros2_ws/install/little_warehouse/share/ament_index/resource_index/package_run_dependencies/little_warehouse
[0.659s] -- Up-to-date: /home/alumno.upv.es.mbelmar/W/GIIROB/G3/ROM/myGitHub/ROM_2425/ros2_ws/install/little_warehouse/share/ament_index/resource_index/parent_prefix_path/little_warehouse
[0.661s] -- Up-to-date: /home/alumno.upv.es.mbelmar/W/GIIROB/G3/ROM/myGitHub/ROM_2425/ros2_ws/install/little_warehouse/share/little_warehouse/environment/ament_prefix_path.sh
[0.663s] -- Up-to-date: /home/alumno.upv.es.mbelmar/W/GIIROB/G3/ROM/myGitHub/ROM_2425/ros2_ws/install/little_warehouse/share/little_warehouse/environment/ament_prefix_path.dsv
[0.665s] -- Up-to-date: /home/alumno.upv.es.mbelmar/W/GIIROB/G3/ROM/myGitHub/ROM_2425/ros2_ws/install/little_warehouse/share/little_warehouse/environment/path.sh
[0.667s] -- Up-to-date: /home/alumno.upv.es.mbelmar/W/GIIROB/G3/ROM/myGitHub/ROM_2425/ros2_ws/install/little_warehouse/share/little_warehouse/environment/path.dsv
[0.668s] -- Up-to-date: /home/alumno.upv.es.mbelmar/W/GIIROB/G3/ROM/myGitHub/ROM_2425/ros2_ws/install/little_warehouse/share/little_warehouse/local_setup.bash
[0.672s] -- Up-to-date: /home/alumno.upv.es.mbelmar/W/GIIROB/G3/ROM/myGitHub/ROM_2425/ros2_ws/install/little_warehouse/share/little_warehouse/local_setup.sh
[0.672s] -- Up-to-date: /home/alumno.upv.es.mbelmar/W/GIIROB/G3/ROM/myGitHub/ROM_2425/ros2_ws/install/little_warehouse/share/little_warehouse/local_setup.zsh
[0.673s] -- Up-to-date: /home/alumno.upv.es.mbelmar/W/GIIROB/G3/ROM/myGitHub/ROM_2425/ros2_ws/install/little_warehouse/share/little_warehouse/local_setup.dsv
[0.675s] -- Installing: /home/alumno.upv.es.mbelmar/W/GIIROB/G3/ROM/myGitHub/ROM_2425/ros2_ws/install/little_warehouse/share/little_warehouse/package.dsv
[0.721s] -- Up-to-date: /home/alumno.upv.es.mbelmar/W/GIIROB/G3/ROM/myGitHub/ROM_2425/ros2_ws/install/little_warehouse/share/ament_index/resource_index/packages/little_warehouse
[0.727s] -- Up-to-date: /home/alumno.upv.es.mbelmar/W/GIIROB/G3/ROM/myGitHub/ROM_2425/ros2_ws/install/little_warehouse/share/little_warehouse/cmake/ament_cmake_export_include_directories-extras.cmake
[0.730s] -- Up-to-date: /home/alumno.upv.es.mbelmar/W/GIIROB/G3/ROM/myGitHub/ROM_2425/ros2_ws/install/little_warehouse/share/little_warehouse/cmake/little_warehouseConfig.cmake
[0.732s] -- Up-to-date: /home/alumno.upv.es.mbelmar/W/GIIROB/G3/ROM/myGitHub/ROM_2425/ros2_ws/install/little_warehouse/share/little_warehouse/cmake/little_warehouseConfig-version.cmake
[0.735s] -- Up-to-date: /home/alumno.upv.es.mbelmar/W/GIIROB/G3/ROM/myGitHub/ROM_2425/ros2_ws/install/little_warehouse/share/little_warehouse/package.xml
[0.759s] Invoked command in '/home/alumno.upv.es.mbelmar/W/GIIROB/G3/ROM/myGitHub/ROM_2425/ros2_ws/build/little_warehouse' returned '0': CMAKE_PREFIX_PATH=/opt/ros/humble /usr/bin/cmake --install /home/alumno.upv.es.mbelmar/W/GIIROB/G3/ROM/myGitHub/ROM_2425/ros2_ws/build/little_warehouse
