[35m[1mConsolidate compiler generated dependencies of target navigation[0m
[100%] Built target navigation
-- Install configuration: ""
-- Up-to-date: /home/alumno.upv.es.mbelmar/W/GIIROB/G3/ROM/myGitHub/ROM_2425/ros2_ws/install/little_warehouse/lib/little_warehouse/navigation
-- Up-to-date: /home/alumno.upv.es.mbelmar/W/GIIROB/G3/ROM/myGitHub/ROM_2425/ros2_ws/install/little_warehouse/share/little_warehouse/launch
-- Up-to-date: /home/alumno.upv.es.mbelmar/W/GIIROB/G3/ROM/myGitHub/ROM_2425/ros2_ws/install/little_warehouse/share/little_warehouse/launch/navigation_with_speed_limit.launch.py
-- Up-to-date: /home/alumno.upv.es.mbelmar/W/GIIROB/G3/ROM/myGitHub/ROM_2425/ros2_ws/install/little_warehouse/share/little_warehouse/launch/coppeliasim_no_rviz2.launch.py
-- Up-to-date: /home/alumno.upv.es.mbelmar/W/GIIROB/G3/ROM/myGitHub/ROM_2425/ros2_ws/install/little_warehouse/share/little_warehouse/launch/cartographer.launch.py
-- Up-to-date: /home/alumno.upv.es.mbelmar/W/GIIROB/G3/ROM/myGitHub/ROM_2425/ros2_ws/install/little_warehouse/share/little_warehouse/launch/speed_limit.launch.py
-- Up-to-date: /home/alumno.upv.es.mbelmar/W/GIIROB/G3/ROM/myGitHub/ROM_2425/ros2_ws/install/little_warehouse/share/little_warehouse/param
-- Up-to-date: /home/alumno.upv.es.mbelmar/W/GIIROB/G3/ROM/myGitHub/ROM_2425/ros2_ws/install/little_warehouse/share/little_warehouse/param/nav2_params_speed_limit.yaml
-- Up-to-date: /home/alumno.upv.es.mbelmar/W/GIIROB/G3/ROM/myGitHub/ROM_2425/ros2_ws/install/little_warehouse/share/little_warehouse/param/burger.yaml
-- Up-to-date: /home/alumno.upv.es.mbelmar/W/GIIROB/G3/ROM/myGitHub/ROM_2425/ros2_ws/install/little_warehouse/share/little_warehouse/param/orders.yaml
-- Up-to-date: /home/alumno.upv.es.mbelmar/W/GIIROB/G3/ROM/myGitHub/ROM_2425/ros2_ws/install/little_warehouse/share/little_warehouse/param/speed_params.yaml
-- Up-to-date: /home/alumno.upv.es.mbelmar/W/GIIROB/G3/ROM/myGitHub/ROM_2425/ros2_ws/install/little_warehouse/share/little_warehouse/param/positions.yaml
-- Up-to-date: /home/alumno.upv.es.mbelmar/W/GIIROB/G3/ROM/myGitHub/ROM_2425/ros2_ws/install/little_warehouse/share/little_warehouse/scenes
-- Up-to-date: /home/alumno.upv.es.mbelmar/W/GIIROB/G3/ROM/myGitHub/ROM_2425/ros2_ws/install/little_warehouse/share/little_warehouse/scenes/coppeliasim_scene.ttt
-- Up-to-date: /home/alumno.upv.es.mbelmar/W/GIIROB/G3/ROM/myGitHub/ROM_2425/ros2_ws/install/little_warehouse/share/little_warehouse/rviz
-- Up-to-date: /home/alumno.upv.es.mbelmar/W/GIIROB/G3/ROM/myGitHub/ROM_2425/ros2_ws/install/little_warehouse/share/little_warehouse/rviz/tb3_coppeliasim.rviz
-- Up-to-date: /home/alumno.upv.es.mbelmar/W/GIIROB/G3/ROM/myGitHub/ROM_2425/ros2_ws/install/little_warehouse/share/little_warehouse/rviz/tb3_coppeliasim_map.rviz
-- Up-to-date: /home/alumno.upv.es.mbelmar/W/GIIROB/G3/ROM/myGitHub/ROM_2425/ros2_ws/install/little_warehouse/share/little_warehouse/urdf
-- Up-to-date: /home/alumno.upv.es.mbelmar/W/GIIROB/G3/ROM/myGitHub/ROM_2425/ros2_ws/install/little_warehouse/share/little_warehouse/urdf/turtlebot3_burger.urdf
-- Up-to-date: /home/alumno.upv.es.mbelmar/W/GIIROB/G3/ROM/myGitHub/ROM_2425/ros2_ws/install/little_warehouse/share/little_warehouse/urdf/turtlebot3_burger_cam.urdf
-- Up-to-date: /home/alumno.upv.es.mbelmar/W/GIIROB/G3/ROM/myGitHub/ROM_2425/ros2_ws/install/little_warehouse/share/little_warehouse/urdf/common_properties.urdf
-- Up-to-date: /home/alumno.upv.es.mbelmar/W/GIIROB/G3/ROM/myGitHub/ROM_2425/ros2_ws/install/little_warehouse/share/little_warehouse/models
-- Up-to-date: /home/alumno.upv.es.mbelmar/W/GIIROB/G3/ROM/myGitHub/ROM_2425/ros2_ws/install/little_warehouse/share/little_warehouse/models/turtlebot3_burger
-- Up-to-date: /home/alumno.upv.es.mbelmar/W/GIIROB/G3/ROM/myGitHub/ROM_2425/ros2_ws/install/little_warehouse/share/little_warehouse/models/turtlebot3_burger/model.config
-- Up-to-date: /home/alumno.upv.es.mbelmar/W/GIIROB/G3/ROM/myGitHub/ROM_2425/ros2_ws/install/little_warehouse/share/little_warehouse/models/turtlebot3_burger/model-1_4.sdf
-- Up-to-date: /home/alumno.upv.es.mbelmar/W/GIIROB/G3/ROM/myGitHub/ROM_2425/ros2_ws/install/little_warehouse/share/little_warehouse/models/turtlebot3_burger/model.sdf
-- Up-to-date: /home/alumno.upv.es.mbelmar/W/GIIROB/G3/ROM/myGitHub/ROM_2425/ros2_ws/install/little_warehouse/share/ament_index/resource_index/package_run_dependencies/little_warehouse
-- Up-to-date: /home/alumno.upv.es.mbelmar/W/GIIROB/G3/ROM/myGitHub/ROM_2425/ros2_ws/install/little_warehouse/share/ament_index/resource_index/parent_prefix_path/little_warehouse
-- Up-to-date: /home/alumno.upv.es.mbelmar/W/GIIROB/G3/ROM/myGitHub/ROM_2425/ros2_ws/install/little_warehouse/share/little_warehouse/environment/ament_prefix_path.sh
-- Up-to-date: /home/alumno.upv.es.mbelmar/W/GIIROB/G3/ROM/myGitHub/ROM_2425/ros2_ws/install/little_warehouse/share/little_warehouse/environment/ament_prefix_path.dsv
-- Up-to-date: /home/alumno.upv.es.mbelmar/W/GIIROB/G3/ROM/myGitHub/ROM_2425/ros2_ws/install/little_warehouse/share/little_warehouse/environment/path.sh
-- Up-to-date: /home/alumno.upv.es.mbelmar/W/GIIROB/G3/ROM/myGitHub/ROM_2425/ros2_ws/install/little_warehouse/share/little_warehouse/environment/path.dsv
-- Up-to-date: /home/alumno.upv.es.mbelmar/W/GIIROB/G3/ROM/myGitHub/ROM_2425/ros2_ws/install/little_warehouse/share/little_warehouse/local_setup.bash
-- Up-to-date: /home/alumno.upv.es.mbelmar/W/GIIROB/G3/ROM/myGitHub/ROM_2425/ros2_ws/install/little_warehouse/share/little_warehouse/local_setup.sh
-- Up-to-date: /home/alumno.upv.es.mbelmar/W/GIIROB/G3/ROM/myGitHub/ROM_2425/ros2_ws/install/little_warehouse/share/little_warehouse/local_setup.zsh
-- Up-to-date: /home/alumno.upv.es.mbelmar/W/GIIROB/G3/ROM/myGitHub/ROM_2425/ros2_ws/install/little_warehouse/share/little_warehouse/local_setup.dsv
-- Installing: /home/alumno.upv.es.mbelmar/W/GIIROB/G3/ROM/myGitHub/ROM_2425/ros2_ws/install/little_warehouse/share/little_warehouse/package.dsv
-- Up-to-date: /home/alumno.upv.es.mbelmar/W/GIIROB/G3/ROM/myGitHub/ROM_2425/ros2_ws/install/little_warehouse/share/ament_index/resource_index/packages/little_warehouse
-- Up-to-date: /home/alumno.upv.es.mbelmar/W/GIIROB/G3/ROM/myGitHub/ROM_2425/ros2_ws/install/little_warehouse/share/little_warehouse/cmake/ament_cmake_export_include_directories-extras.cmake
-- Up-to-date: /home/alumno.upv.es.mbelmar/W/GIIROB/G3/ROM/myGitHub/ROM_2425/ros2_ws/install/little_warehouse/share/little_warehouse/cmake/little_warehouseConfig.cmake
-- Up-to-date: /home/alumno.upv.es.mbelmar/W/GIIROB/G3/ROM/myGitHub/ROM_2425/ros2_ws/install/little_warehouse/share/little_warehouse/cmake/little_warehouseConfig-version.cmake
-- Up-to-date: /home/alumno.upv.es.mbelmar/W/GIIROB/G3/ROM/myGitHub/ROM_2425/ros2_ws/install/little_warehouse/share/little_warehouse/package.xml
