[0.162s] DEBUG:colcon:Command line arguments: ['/usr/bin/colcon', 'build']
[0.162s] DEBUG:colcon:Parsed command line arguments: Namespace(log_base=None, log_level=None, verb_name='build', build_base='build', install_base='install', merge_install=False, symlink_install=False, test_result_base=None, continue_on_error=False, executor='parallel', parallel_workers=6, event_handlers=None, ignore_user_meta=False, metas=['./colcon.meta'], base_paths=['.'], packages_ignore=None, packages_ignore_regex=None, paths=None, packages_up_to=None, packages_up_to_regex=None, packages_above=None, packages_above_and_dependencies=None, packages_above_depth=None, packages_select_by_dep=None, packages_skip_by_dep=None, packages_skip_up_to=None, packages_select_build_failed=False, packages_skip_build_finished=False, packages_select_test_failures=False, packages_skip_test_passed=False, packages_select=None, packages_skip=None, packages_select_regex=None, packages_skip_regex=None, packages_start=None, packages_end=None, allow_overriding=[], cmake_args=None, cmake_target=None, cmake_target_skip_unavailable=False, cmake_clean_cache=False, cmake_clean_first=False, cmake_force_configure=False, ament_cmake_args=None, catkin_cmake_args=None, catkin_skip_building_tests=False, mixin_files=None, mixin=None, verb_parser=<colcon_mixin.mixin.mixin_argument.MixinArgumentDecorator object at 0x7fb0d2e208e0>, verb_extension=<colcon_core.verb.build.BuildVerb object at 0x7fb0d2e20430>, main=<bound method BuildVerb.main of <colcon_core.verb.build.BuildVerb object at 0x7fb0d2e20430>>, mixin_verb=('build',))
[0.466s] Level 1:colcon.colcon_core.package_discovery:discover_packages(colcon_meta) check parameters
[0.469s] Level 1:colcon.colcon_core.package_discovery:discover_packages(recursive) check parameters
[0.469s] Level 1:colcon.colcon_core.package_discovery:discover_packages(ignore) check parameters
[0.469s] Level 1:colcon.colcon_core.package_discovery:discover_packages(path) check parameters
[0.469s] Level 1:colcon.colcon_core.package_discovery:discover_packages(colcon_meta) discover
[0.470s] Level 1:colcon.colcon_core.package_discovery:discover_packages(recursive) discover
[0.470s] INFO:colcon.colcon_core.package_discovery:Crawling recursively for packages in '/home/alumno.upv.es.mbelmar/W/GIIROB/G3/ROM/myGitHub/ROM_2425/ros2_ws'
[0.477s] Level 1:colcon.colcon_core.package_identification:_identify(.) by extensions ['ignore', 'ignore_ament_install']
[0.477s] Level 1:colcon.colcon_core.package_identification:_identify(.) by extension 'ignore'
[0.478s] Level 1:colcon.colcon_core.package_identification:_identify(.) by extension 'ignore_ament_install'
[0.482s] Level 1:colcon.colcon_core.package_identification:_identify(.) by extensions ['colcon_pkg']
[0.482s] Level 1:colcon.colcon_core.package_identification:_identify(.) by extension 'colcon_pkg'
[0.483s] Level 1:colcon.colcon_core.package_identification:_identify(.) by extensions ['colcon_meta']
[0.483s] Level 1:colcon.colcon_core.package_identification:_identify(.) by extension 'colcon_meta'
[0.483s] Level 1:colcon.colcon_core.package_identification:_identify(.) by extensions ['ros']
[0.483s] Level 1:colcon.colcon_core.package_identification:_identify(.) by extension 'ros'
[0.502s] Level 1:colcon.colcon_core.package_identification:_identify(.) by extensions ['cmake', 'python']
[0.502s] Level 1:colcon.colcon_core.package_identification:_identify(.) by extension 'cmake'
[0.503s] Level 1:colcon.colcon_core.package_identification:_identify(.) by extension 'python'
[0.504s] Level 1:colcon.colcon_core.package_identification:_identify(.) by extensions ['python_setup_py']
[0.505s] Level 1:colcon.colcon_core.package_identification:_identify(.) by extension 'python_setup_py'
[0.509s] Level 1:colcon.colcon_core.package_identification:_identify(build) by extensions ['ignore', 'ignore_ament_install']
[0.509s] Level 1:colcon.colcon_core.package_identification:_identify(build) by extension 'ignore'
[0.509s] Level 1:colcon.colcon_core.package_identification:_identify(build) ignored
[0.513s] Level 1:colcon.colcon_core.package_identification:_identify(install) by extensions ['ignore', 'ignore_ament_install']
[0.513s] Level 1:colcon.colcon_core.package_identification:_identify(install) by extension 'ignore'
[0.513s] Level 1:colcon.colcon_core.package_identification:_identify(install) ignored
[0.521s] Level 1:colcon.colcon_core.package_identification:_identify(log) by extensions ['ignore', 'ignore_ament_install']
[0.521s] Level 1:colcon.colcon_core.package_identification:_identify(log) by extension 'ignore'
[0.521s] Level 1:colcon.colcon_core.package_identification:_identify(log) ignored
[0.525s] Level 1:colcon.colcon_core.package_identification:_identify(src) by extensions ['ignore', 'ignore_ament_install']
[0.525s] Level 1:colcon.colcon_core.package_identification:_identify(src) by extension 'ignore'
[0.526s] Level 1:colcon.colcon_core.package_identification:_identify(src) by extension 'ignore_ament_install'
[0.530s] Level 1:colcon.colcon_core.package_identification:_identify(src) by extensions ['colcon_pkg']
[0.530s] Level 1:colcon.colcon_core.package_identification:_identify(src) by extension 'colcon_pkg'
[0.532s] Level 1:colcon.colcon_core.package_identification:_identify(src) by extensions ['colcon_meta']
[0.532s] Level 1:colcon.colcon_core.package_identification:_identify(src) by extension 'colcon_meta'
[0.532s] Level 1:colcon.colcon_core.package_identification:_identify(src) by extensions ['ros']
[0.532s] Level 1:colcon.colcon_core.package_identification:_identify(src) by extension 'ros'
[0.537s] Level 1:colcon.colcon_core.package_identification:_identify(src) by extensions ['cmake', 'python']
[0.537s] Level 1:colcon.colcon_core.package_identification:_identify(src) by extension 'cmake'
[0.538s] Level 1:colcon.colcon_core.package_identification:_identify(src) by extension 'python'
[0.539s] Level 1:colcon.colcon_core.package_identification:_identify(src) by extensions ['python_setup_py']
[0.540s] Level 1:colcon.colcon_core.package_identification:_identify(src) by extension 'python_setup_py'
[0.546s] Level 1:colcon.colcon_core.package_identification:_identify(src/little_warehouse) by extensions ['ignore', 'ignore_ament_install']
[0.546s] Level 1:colcon.colcon_core.package_identification:_identify(src/little_warehouse) by extension 'ignore'
[0.548s] Level 1:colcon.colcon_core.package_identification:_identify(src/little_warehouse) by extension 'ignore_ament_install'
[0.558s] Level 1:colcon.colcon_core.package_identification:_identify(src/little_warehouse) by extensions ['colcon_pkg']
[0.558s] Level 1:colcon.colcon_core.package_identification:_identify(src/little_warehouse) by extension 'colcon_pkg'
[0.559s] Level 1:colcon.colcon_core.package_identification:_identify(src/little_warehouse) by extensions ['colcon_meta']
[0.559s] Level 1:colcon.colcon_core.package_identification:_identify(src/little_warehouse) by extension 'colcon_meta'
[0.559s] Level 1:colcon.colcon_core.package_identification:_identify(src/little_warehouse) by extensions ['ros']
[0.559s] Level 1:colcon.colcon_core.package_identification:_identify(src/little_warehouse) by extension 'ros'
[0.568s] DEBUG:colcon.colcon_core.package_identification:Package 'src/little_warehouse' with type 'ros.ament_cmake' and name 'little_warehouse'
[0.568s] Level 1:colcon.colcon_core.package_discovery:discover_packages(recursive) using defaults
[0.568s] Level 1:colcon.colcon_core.package_discovery:discover_packages(ignore) discover
[0.568s] Level 1:colcon.colcon_core.package_discovery:discover_packages(ignore) using defaults
[0.568s] Level 1:colcon.colcon_core.package_discovery:discover_packages(path) discover
[0.568s] Level 1:colcon.colcon_core.package_discovery:discover_packages(path) using defaults
[0.592s] Level 1:colcon.colcon_core.package_discovery:discover_packages(prefix_path) check parameters
[0.592s] Level 1:colcon.colcon_core.package_discovery:discover_packages(prefix_path) discover
[0.595s] DEBUG:colcon.colcon_installed_package_information.package_discovery:Found 378 installed packages in /opt/ros/humble
[0.597s] Level 1:colcon.colcon_core.package_discovery:discover_packages(prefix_path) using defaults
[0.650s] Level 5:colcon.colcon_core.verb:set package 'little_warehouse' build argument 'cmake_args' from command line to 'None'
[0.650s] Level 5:colcon.colcon_core.verb:set package 'little_warehouse' build argument 'cmake_target' from command line to 'None'
[0.650s] Level 5:colcon.colcon_core.verb:set package 'little_warehouse' build argument 'cmake_target_skip_unavailable' from command line to 'False'
[0.650s] Level 5:colcon.colcon_core.verb:set package 'little_warehouse' build argument 'cmake_clean_cache' from command line to 'False'
[0.650s] Level 5:colcon.colcon_core.verb:set package 'little_warehouse' build argument 'cmake_clean_first' from command line to 'False'
[0.650s] Level 5:colcon.colcon_core.verb:set package 'little_warehouse' build argument 'cmake_force_configure' from command line to 'False'
[0.650s] Level 5:colcon.colcon_core.verb:set package 'little_warehouse' build argument 'ament_cmake_args' from command line to 'None'
[0.650s] Level 5:colcon.colcon_core.verb:set package 'little_warehouse' build argument 'catkin_cmake_args' from command line to 'None'
[0.650s] Level 5:colcon.colcon_core.verb:set package 'little_warehouse' build argument 'catkin_skip_building_tests' from command line to 'False'
[0.650s] DEBUG:colcon.colcon_core.verb:Building package 'little_warehouse' with the following arguments: {'ament_cmake_args': None, 'build_base': '/home/alumno.upv.es.mbelmar/W/GIIROB/G3/ROM/myGitHub/ROM_2425/ros2_ws/build/little_warehouse', 'catkin_cmake_args': None, 'catkin_skip_building_tests': False, 'cmake_args': None, 'cmake_clean_cache': False, 'cmake_clean_first': False, 'cmake_force_configure': False, 'cmake_target': None, 'cmake_target_skip_unavailable': False, 'install_base': '/home/alumno.upv.es.mbelmar/W/GIIROB/G3/ROM/myGitHub/ROM_2425/ros2_ws/install/little_warehouse', 'merge_install': False, 'path': '/home/alumno.upv.es.mbelmar/W/GIIROB/G3/ROM/myGitHub/ROM_2425/ros2_ws/src/little_warehouse', 'symlink_install': False, 'test_result_base': None}
[0.650s] INFO:colcon.colcon_core.executor:Executing jobs using 'parallel' executor
[0.652s] DEBUG:colcon.colcon_parallel_executor.executor.parallel:run_until_complete
[0.652s] INFO:colcon.colcon_ros.task.ament_cmake.build:Building ROS package in '/home/alumno.upv.es.mbelmar/W/GIIROB/G3/ROM/myGitHub/ROM_2425/ros2_ws/src/little_warehouse' with build type 'ament_cmake'
[0.652s] INFO:colcon.colcon_cmake.task.cmake.build:Building CMake package in '/home/alumno.upv.es.mbelmar/W/GIIROB/G3/ROM/myGitHub/ROM_2425/ros2_ws/src/little_warehouse'
[0.654s] INFO:colcon.colcon_core.plugin_system:Skipping extension 'colcon_core.shell.bat': Not used on non-Windows systems
[0.654s] INFO:colcon.colcon_core.shell:Skip shell extension 'powershell' for command environment: Not usable outside of PowerShell
[0.654s] DEBUG:colcon.colcon_core.shell:Skip shell extension 'dsv' for command environment
[0.804s] DEBUG:colcon.colcon_core.event_handler.log_command:Invoking command in '/home/alumno.upv.es.mbelmar/W/GIIROB/G3/ROM/myGitHub/ROM_2425/ros2_ws/build/little_warehouse': CMAKE_PREFIX_PATH=/opt/ros/humble /usr/bin/cmake --build /home/alumno.upv.es.mbelmar/W/GIIROB/G3/ROM/myGitHub/ROM_2425/ros2_ws/build/little_warehouse -- -j6 -l6
[1.152s] DEBUG:colcon.colcon_core.event_handler.log_command:Invoked command in '/home/alumno.upv.es.mbelmar/W/GIIROB/G3/ROM/myGitHub/ROM_2425/ros2_ws/build/little_warehouse' returned '0': CMAKE_PREFIX_PATH=/opt/ros/humble /usr/bin/cmake --build /home/alumno.upv.es.mbelmar/W/GIIROB/G3/ROM/myGitHub/ROM_2425/ros2_ws/build/little_warehouse -- -j6 -l6
[1.206s] DEBUG:colcon.colcon_core.event_handler.log_command:Invoking command in '/home/alumno.upv.es.mbelmar/W/GIIROB/G3/ROM/myGitHub/ROM_2425/ros2_ws/build/little_warehouse': CMAKE_PREFIX_PATH=/opt/ros/humble /usr/bin/cmake --install /home/alumno.upv.es.mbelmar/W/GIIROB/G3/ROM/myGitHub/ROM_2425/ros2_ws/build/little_warehouse
[1.418s] Level 1:colcon.colcon_core.environment:create_environment_scripts_only(little_warehouse)
[1.422s] Level 1:colcon.colcon_core.environment:checking '/home/alumno.upv.es.mbelmar/W/GIIROB/G3/ROM/myGitHub/ROM_2425/ros2_ws/install/little_warehouse' for CMake module files
[1.422s] DEBUG:colcon.colcon_core.event_handler.log_command:Invoked command in '/home/alumno.upv.es.mbelmar/W/GIIROB/G3/ROM/myGitHub/ROM_2425/ros2_ws/build/little_warehouse' returned '0': CMAKE_PREFIX_PATH=/opt/ros/humble /usr/bin/cmake --install /home/alumno.upv.es.mbelmar/W/GIIROB/G3/ROM/myGitHub/ROM_2425/ros2_ws/build/little_warehouse
[1.447s] Level 1:colcon.colcon_core.environment:checking '/home/alumno.upv.es.mbelmar/W/GIIROB/G3/ROM/myGitHub/ROM_2425/ros2_ws/install/little_warehouse' for CMake config files
[1.521s] Level 1:colcon.colcon_core.shell:create_environment_hook('little_warehouse', 'cmake_prefix_path')
[1.521s] INFO:colcon.colcon_core.shell:Creating environment hook '/home/alumno.upv.es.mbelmar/W/GIIROB/G3/ROM/myGitHub/ROM_2425/ros2_ws/install/little_warehouse/share/little_warehouse/hook/cmake_prefix_path.ps1'
[1.535s] INFO:colcon.colcon_core.shell:Creating environment descriptor '/home/alumno.upv.es.mbelmar/W/GIIROB/G3/ROM/myGitHub/ROM_2425/ros2_ws/install/little_warehouse/share/little_warehouse/hook/cmake_prefix_path.dsv'
[1.546s] INFO:colcon.colcon_core.shell:Creating environment hook '/home/alumno.upv.es.mbelmar/W/GIIROB/G3/ROM/myGitHub/ROM_2425/ros2_ws/install/little_warehouse/share/little_warehouse/hook/cmake_prefix_path.sh'
[1.565s] Level 1:colcon.colcon_core.environment:checking '/home/alumno.upv.es.mbelmar/W/GIIROB/G3/ROM/myGitHub/ROM_2425/ros2_ws/install/little_warehouse/lib'
[1.567s] Level 1:colcon.colcon_core.environment:checking '/home/alumno.upv.es.mbelmar/W/GIIROB/G3/ROM/myGitHub/ROM_2425/ros2_ws/install/little_warehouse/bin'
[1.569s] Level 1:colcon.colcon_core.environment:checking '/home/alumno.upv.es.mbelmar/W/GIIROB/G3/ROM/myGitHub/ROM_2425/ros2_ws/install/little_warehouse/lib/pkgconfig/little_warehouse.pc'
[1.570s] Level 1:colcon.colcon_core.environment:checking '/home/alumno.upv.es.mbelmar/W/GIIROB/G3/ROM/myGitHub/ROM_2425/ros2_ws/install/little_warehouse/lib/python3.10/site-packages'
[1.571s] Level 1:colcon.colcon_core.environment:checking '/home/alumno.upv.es.mbelmar/W/GIIROB/G3/ROM/myGitHub/ROM_2425/ros2_ws/install/little_warehouse/bin'
[1.571s] INFO:colcon.colcon_core.shell:Creating package script '/home/alumno.upv.es.mbelmar/W/GIIROB/G3/ROM/myGitHub/ROM_2425/ros2_ws/install/little_warehouse/share/little_warehouse/package.ps1'
[1.585s] INFO:colcon.colcon_core.shell:Creating package descriptor '/home/alumno.upv.es.mbelmar/W/GIIROB/G3/ROM/myGitHub/ROM_2425/ros2_ws/install/little_warehouse/share/little_warehouse/package.dsv'
[1.600s] INFO:colcon.colcon_core.shell:Creating package script '/home/alumno.upv.es.mbelmar/W/GIIROB/G3/ROM/myGitHub/ROM_2425/ros2_ws/install/little_warehouse/share/little_warehouse/package.sh'
[1.613s] INFO:colcon.colcon_core.shell:Creating package script '/home/alumno.upv.es.mbelmar/W/GIIROB/G3/ROM/myGitHub/ROM_2425/ros2_ws/install/little_warehouse/share/little_warehouse/package.bash'
[1.627s] INFO:colcon.colcon_core.shell:Creating package script '/home/alumno.upv.es.mbelmar/W/GIIROB/G3/ROM/myGitHub/ROM_2425/ros2_ws/install/little_warehouse/share/little_warehouse/package.zsh'
[1.641s] Level 1:colcon.colcon_core.environment:create_file_with_runtime_dependencies(/home/alumno.upv.es.mbelmar/W/GIIROB/G3/ROM/myGitHub/ROM_2425/ros2_ws/install/little_warehouse/share/colcon-core/packages/little_warehouse)
[1.665s] Level 1:colcon.colcon_core.environment:create_environment_scripts_only(little_warehouse)
[1.665s] Level 1:colcon.colcon_core.environment:checking '/home/alumno.upv.es.mbelmar/W/GIIROB/G3/ROM/myGitHub/ROM_2425/ros2_ws/install/little_warehouse' for CMake module files
[1.688s] Level 1:colcon.colcon_core.environment:checking '/home/alumno.upv.es.mbelmar/W/GIIROB/G3/ROM/myGitHub/ROM_2425/ros2_ws/install/little_warehouse' for CMake config files
[1.773s] Level 1:colcon.colcon_core.shell:create_environment_hook('little_warehouse', 'cmake_prefix_path')
[1.774s] INFO:colcon.colcon_core.shell:Creating environment hook '/home/alumno.upv.es.mbelmar/W/GIIROB/G3/ROM/myGitHub/ROM_2425/ros2_ws/install/little_warehouse/share/little_warehouse/hook/cmake_prefix_path.ps1'
[1.787s] INFO:colcon.colcon_core.shell:Creating environment descriptor '/home/alumno.upv.es.mbelmar/W/GIIROB/G3/ROM/myGitHub/ROM_2425/ros2_ws/install/little_warehouse/share/little_warehouse/hook/cmake_prefix_path.dsv'
[1.799s] INFO:colcon.colcon_core.shell:Creating environment hook '/home/alumno.upv.es.mbelmar/W/GIIROB/G3/ROM/myGitHub/ROM_2425/ros2_ws/install/little_warehouse/share/little_warehouse/hook/cmake_prefix_path.sh'
[1.823s] Level 1:colcon.colcon_core.environment:checking '/home/alumno.upv.es.mbelmar/W/GIIROB/G3/ROM/myGitHub/ROM_2425/ros2_ws/install/little_warehouse/lib'
[1.826s] Level 1:colcon.colcon_core.environment:checking '/home/alumno.upv.es.mbelmar/W/GIIROB/G3/ROM/myGitHub/ROM_2425/ros2_ws/install/little_warehouse/bin'
[1.826s] Level 1:colcon.colcon_core.environment:checking '/home/alumno.upv.es.mbelmar/W/GIIROB/G3/ROM/myGitHub/ROM_2425/ros2_ws/install/little_warehouse/lib/pkgconfig/little_warehouse.pc'
[1.827s] Level 1:colcon.colcon_core.environment:checking '/home/alumno.upv.es.mbelmar/W/GIIROB/G3/ROM/myGitHub/ROM_2425/ros2_ws/install/little_warehouse/lib/python3.10/site-packages'
[1.827s] Level 1:colcon.colcon_core.environment:checking '/home/alumno.upv.es.mbelmar/W/GIIROB/G3/ROM/myGitHub/ROM_2425/ros2_ws/install/little_warehouse/bin'
[1.828s] INFO:colcon.colcon_core.shell:Creating package script '/home/alumno.upv.es.mbelmar/W/GIIROB/G3/ROM/myGitHub/ROM_2425/ros2_ws/install/little_warehouse/share/little_warehouse/package.ps1'
[1.840s] INFO:colcon.colcon_core.shell:Creating package descriptor '/home/alumno.upv.es.mbelmar/W/GIIROB/G3/ROM/myGitHub/ROM_2425/ros2_ws/install/little_warehouse/share/little_warehouse/package.dsv'
[1.856s] INFO:colcon.colcon_core.shell:Creating package script '/home/alumno.upv.es.mbelmar/W/GIIROB/G3/ROM/myGitHub/ROM_2425/ros2_ws/install/little_warehouse/share/little_warehouse/package.sh'
[1.877s] INFO:colcon.colcon_core.shell:Creating package script '/home/alumno.upv.es.mbelmar/W/GIIROB/G3/ROM/myGitHub/ROM_2425/ros2_ws/install/little_warehouse/share/little_warehouse/package.bash'
[1.893s] INFO:colcon.colcon_core.shell:Creating package script '/home/alumno.upv.es.mbelmar/W/GIIROB/G3/ROM/myGitHub/ROM_2425/ros2_ws/install/little_warehouse/share/little_warehouse/package.zsh'
[1.906s] Level 1:colcon.colcon_core.environment:create_file_with_runtime_dependencies(/home/alumno.upv.es.mbelmar/W/GIIROB/G3/ROM/myGitHub/ROM_2425/ros2_ws/install/little_warehouse/share/colcon-core/packages/little_warehouse)
[1.918s] DEBUG:colcon.colcon_parallel_executor.executor.parallel:closing loop
[1.922s] DEBUG:colcon.colcon_parallel_executor.executor.parallel:loop closed
[1.923s] DEBUG:colcon.colcon_parallel_executor.executor.parallel:run_until_complete finished with '0'
[1.923s] DEBUG:colcon.colcon_core.event_reactor:joining thread
[1.954s] INFO:colcon.colcon_core.plugin_system:Skipping extension 'colcon_notification.desktop_notification.terminal_notifier': Not used on non-Darwin systems
[1.955s] INFO:colcon.colcon_core.plugin_system:Skipping extension 'colcon_notification.desktop_notification.win32': Not used on non-Windows systems
[1.955s] INFO:colcon.colcon_notification.desktop_notification:Sending desktop notification using 'notify2'
[1.977s] DEBUG:colcon.colcon_core.event_reactor:joined thread
[1.978s] INFO:colcon.colcon_core.shell:Creating prefix script '/home/alumno.upv.es.mbelmar/W/GIIROB/G3/ROM/myGitHub/ROM_2425/ros2_ws/install/local_setup.ps1'
[1.999s] INFO:colcon.colcon_core.shell:Creating prefix util module '/home/alumno.upv.es.mbelmar/W/GIIROB/G3/ROM/myGitHub/ROM_2425/ros2_ws/install/_local_setup_util_ps1.py'
[2.021s] INFO:colcon.colcon_core.shell:Creating prefix chain script '/home/alumno.upv.es.mbelmar/W/GIIROB/G3/ROM/myGitHub/ROM_2425/ros2_ws/install/setup.ps1'
[2.045s] INFO:colcon.colcon_core.shell:Creating prefix script '/home/alumno.upv.es.mbelmar/W/GIIROB/G3/ROM/myGitHub/ROM_2425/ros2_ws/install/local_setup.sh'
[2.061s] INFO:colcon.colcon_core.shell:Creating prefix util module '/home/alumno.upv.es.mbelmar/W/GIIROB/G3/ROM/myGitHub/ROM_2425/ros2_ws/install/_local_setup_util_sh.py'
[2.083s] INFO:colcon.colcon_core.shell:Creating prefix chain script '/home/alumno.upv.es.mbelmar/W/GIIROB/G3/ROM/myGitHub/ROM_2425/ros2_ws/install/setup.sh'
[2.102s] INFO:colcon.colcon_core.shell:Creating prefix script '/home/alumno.upv.es.mbelmar/W/GIIROB/G3/ROM/myGitHub/ROM_2425/ros2_ws/install/local_setup.bash'
[2.117s] INFO:colcon.colcon_core.shell:Creating prefix chain script '/home/alumno.upv.es.mbelmar/W/GIIROB/G3/ROM/myGitHub/ROM_2425/ros2_ws/install/setup.bash'
[2.134s] INFO:colcon.colcon_core.shell:Creating prefix script '/home/alumno.upv.es.mbelmar/W/GIIROB/G3/ROM/myGitHub/ROM_2425/ros2_ws/install/local_setup.zsh'
[2.151s] INFO:colcon.colcon_core.shell:Creating prefix chain script '/home/alumno.upv.es.mbelmar/W/GIIROB/G3/ROM/myGitHub/ROM_2425/ros2_ws/install/setup.zsh'
