[0.202s] Invoking command in '/home/alumno.upv.es.mbelmar/W/GIIROB/G3/ROM/myGitHub/ROM_2425/ros2_ws/build/little_warehouse': CMAKE_PREFIX_PATH=/opt/ros/humble /usr/bin/cmake /home/alumno.upv.es.mbelmar/W/GIIROB/G3/ROM/myGitHub/ROM_2425/ros2_ws/src/little_warehouse -DCMAKE_INSTALL_PREFIX=/home/alumno.upv.es.mbelmar/W/GIIROB/G3/ROM/myGitHub/ROM_2425/ros2_ws/install/little_warehouse
[0.457s] -- The C compiler identification is GNU 11.4.0
[0.713s] -- The CXX compiler identification is GNU 11.4.0
[0.762s] -- Detecting C compiler ABI info
[1.565s] -- Detecting C compiler ABI info - done
[1.605s] -- Check for working C compiler: /usr/bin/cc - skipped
[1.607s] -- Detecting C compile features
[1.608s] -- Detecting C compile features - done
[1.681s] -- Detecting CXX compiler ABI info
[2.492s] -- Detecting CXX compiler ABI info - done
[2.540s] -- Check for working CXX compiler: /usr/bin/c++ - skipped
[2.541s] -- Detecting CXX compile features
[2.542s] -- Detecting CXX compile features - done
[2.610s] -- Found ament_cmake: 1.3.11 (/opt/ros/humble/share/ament_cmake/cmake)
[2.838s] -- Found Python3: /usr/bin/python3 (found version "3.10.12") found components: Interpreter 
[3.192s] -- Found rclcpp: 16.0.11 (/opt/ros/humble/share/rclcpp/cmake)
[3.247s] -- Found rosidl_generator_c: 3.1.6 (/opt/ros/humble/share/rosidl_generator_c/cmake)
[3.254s] -- Found rosidl_adapter: 3.1.6 (/opt/ros/humble/share/rosidl_adapter/cmake)
[3.264s] -- Found rosidl_generator_cpp: 3.1.6 (/opt/ros/humble/share/rosidl_generator_cpp/cmake)
[3.284s] -- Using all available rosidl_typesupport_c: rosidl_typesupport_fastrtps_c;rosidl_typesupport_introspection_c
[3.307s] -- Using all available rosidl_typesupport_cpp: rosidl_typesupport_fastrtps_cpp;rosidl_typesupport_introspection_cpp
[3.383s] -- Found rmw_implementation_cmake: 6.1.2 (/opt/ros/humble/share/rmw_implementation_cmake/cmake)
[3.391s] -- Found rmw_fastrtps_cpp: 6.2.7 (/opt/ros/humble/share/rmw_fastrtps_cpp/cmake)
[3.523s] -- Found OpenSSL: /usr/lib/x86_64-linux-gnu/libcrypto.so (found version "3.0.2")  
[3.601s] -- Found FastRTPS: /opt/ros/humble/include  
[3.670s] -- Using RMW implementation 'rmw_fastrtps_cpp' as default
[3.739s] -- Looking for pthread.h
[4.518s] -- Looking for pthread.h - found
[4.538s] -- Performing Test CMAKE_HAVE_LIBC_PTHREAD
[5.325s] -- Performing Test CMAKE_HAVE_LIBC_PTHREAD - Success
[5.338s] -- Found Threads: TRUE  
[5.436s] -- Found rclcpp_action: 16.0.11 (/opt/ros/humble/share/rclcpp_action/cmake)
[5.480s] -- Found nav2_msgs: 1.1.17 (/opt/ros/humble/share/nav2_msgs/cmake)
[6.272s] -- Configuring done
[6.977s] -- Generating done
[7.322s] -- Build files have been written to: /home/alumno.upv.es.mbelmar/W/GIIROB/G3/ROM/myGitHub/ROM_2425/ros2_ws/build/little_warehouse
[7.350s] Invoked command in '/home/alumno.upv.es.mbelmar/W/GIIROB/G3/ROM/myGitHub/ROM_2425/ros2_ws/build/little_warehouse' returned '0': CMAKE_PREFIX_PATH=/opt/ros/humble /usr/bin/cmake /home/alumno.upv.es.mbelmar/W/GIIROB/G3/ROM/myGitHub/ROM_2425/ros2_ws/src/little_warehouse -DCMAKE_INSTALL_PREFIX=/home/alumno.upv.es.mbelmar/W/GIIROB/G3/ROM/myGitHub/ROM_2425/ros2_ws/install/little_warehouse
[7.375s] Invoking command in '/home/alumno.upv.es.mbelmar/W/GIIROB/G3/ROM/myGitHub/ROM_2425/ros2_ws/build/little_warehouse': CMAKE_PREFIX_PATH=/opt/ros/humble /usr/bin/cmake --build /home/alumno.upv.es.mbelmar/W/GIIROB/G3/ROM/myGitHub/ROM_2425/ros2_ws/build/little_warehouse -- -j6 -l6
[7.408s] gmake: Atención: El archivo 'Makefile' tiene una hora de modificación 11 s en el futuro
[7.546s] gmake[1]: Atención: El archivo 'CMakeFiles/Makefile2' tiene una hora de modificación 11 s en el futuro
[7.562s] gmake[2]: Atención: El archivo 'CMakeFiles/navigation.dir/flags.make' tiene una hora de modificación 10 s en el futuro
[7.584s] gmake[2]: atención: Se ha detectado una desviación en el reloj. La construcción podría estar incompleta.
[7.609s] gmake[2]: Atención: El archivo 'CMakeFiles/navigation.dir/flags.make' tiene una hora de modificación 10 s en el futuro
[7.650s] [ 50%] [32mBuilding CXX object CMakeFiles/navigation.dir/src/navigation_node.cpp.o[0m
[13.746s] [100%] [32m[1mLinking CXX executable navigation[0m
[14.320s] gmake[2]: atención: Se ha detectado una desviación en el reloj. La construcción podría estar incompleta.
[14.373s] [100%] Built target navigation
[14.376s] gmake[1]: atención: Se ha detectado una desviación en el reloj. La construcción podría estar incompleta.
[14.408s] gmake: atención: Se ha detectado una desviación en el reloj. La construcción podría estar incompleta.
[14.414s] Invoked command in '/home/alumno.upv.es.mbelmar/W/GIIROB/G3/ROM/myGitHub/ROM_2425/ros2_ws/build/little_warehouse' returned '0': CMAKE_PREFIX_PATH=/opt/ros/humble /usr/bin/cmake --build /home/alumno.upv.es.mbelmar/W/GIIROB/G3/ROM/myGitHub/ROM_2425/ros2_ws/build/little_warehouse -- -j6 -l6
[14.481s] Invoking command in '/home/alumno.upv.es.mbelmar/W/GIIROB/G3/ROM/myGitHub/ROM_2425/ros2_ws/build/little_warehouse': CMAKE_PREFIX_PATH=/opt/ros/humble /usr/bin/cmake --install /home/alumno.upv.es.mbelmar/W/GIIROB/G3/ROM/myGitHub/ROM_2425/ros2_ws/build/little_warehouse
[14.496s] -- Install configuration: ""
[14.529s] -- Installing: /home/alumno.upv.es.mbelmar/W/GIIROB/G3/ROM/myGitHub/ROM_2425/ros2_ws/install/little_warehouse/lib/little_warehouse/navigation
[14.625s] -- Set runtime path of "/home/alumno.upv.es.mbelmar/W/GIIROB/G3/ROM/myGitHub/ROM_2425/ros2_ws/install/little_warehouse/lib/little_warehouse/navigation" to ""
[14.629s] -- Installing: /home/alumno.upv.es.mbelmar/W/GIIROB/G3/ROM/myGitHub/ROM_2425/ros2_ws/install/little_warehouse/share/little_warehouse/launch
[14.648s] -- Installing: /home/alumno.upv.es.mbelmar/W/GIIROB/G3/ROM/myGitHub/ROM_2425/ros2_ws/install/little_warehouse/share/little_warehouse/launch/navigation_with_speed_limit.launch.py
[14.681s] -- Installing: /home/alumno.upv.es.mbelmar/W/GIIROB/G3/ROM/myGitHub/ROM_2425/ros2_ws/install/little_warehouse/share/little_warehouse/launch/coppeliasim_no_rviz2.launch.py
[14.716s] -- Installing: /home/alumno.upv.es.mbelmar/W/GIIROB/G3/ROM/myGitHub/ROM_2425/ros2_ws/install/little_warehouse/share/little_warehouse/launch/cartographer.launch.py
[14.752s] -- Installing: /home/alumno.upv.es.mbelmar/W/GIIROB/G3/ROM/myGitHub/ROM_2425/ros2_ws/install/little_warehouse/share/little_warehouse/launch/speed_limit.launch.py
[14.791s] -- Installing: /home/alumno.upv.es.mbelmar/W/GIIROB/G3/ROM/myGitHub/ROM_2425/ros2_ws/install/little_warehouse/share/little_warehouse/param
[14.801s] -- Installing: /home/alumno.upv.es.mbelmar/W/GIIROB/G3/ROM/myGitHub/ROM_2425/ros2_ws/install/little_warehouse/share/little_warehouse/param/nav2_params_speed_limit.yaml
[14.844s] -- Installing: /home/alumno.upv.es.mbelmar/W/GIIROB/G3/ROM/myGitHub/ROM_2425/ros2_ws/install/little_warehouse/share/little_warehouse/param/burger.yaml
[14.875s] -- Installing: /home/alumno.upv.es.mbelmar/W/GIIROB/G3/ROM/myGitHub/ROM_2425/ros2_ws/install/little_warehouse/share/little_warehouse/param/orders.yaml
[14.909s] -- Installing: /home/alumno.upv.es.mbelmar/W/GIIROB/G3/ROM/myGitHub/ROM_2425/ros2_ws/install/little_warehouse/share/little_warehouse/param/speed_params.yaml
[14.959s] -- Installing: /home/alumno.upv.es.mbelmar/W/GIIROB/G3/ROM/myGitHub/ROM_2425/ros2_ws/install/little_warehouse/share/little_warehouse/param/positions.yaml
[14.997s] -- Installing: /home/alumno.upv.es.mbelmar/W/GIIROB/G3/ROM/myGitHub/ROM_2425/ros2_ws/install/little_warehouse/share/little_warehouse/scenes
[15.006s] -- Installing: /home/alumno.upv.es.mbelmar/W/GIIROB/G3/ROM/myGitHub/ROM_2425/ros2_ws/install/little_warehouse/share/little_warehouse/scenes/coppeliasim_scene.ttt
[15.271s] -- Installing: /home/alumno.upv.es.mbelmar/W/GIIROB/G3/ROM/myGitHub/ROM_2425/ros2_ws/install/little_warehouse/share/little_warehouse/rviz
[15.281s] -- Installing: /home/alumno.upv.es.mbelmar/W/GIIROB/G3/ROM/myGitHub/ROM_2425/ros2_ws/install/little_warehouse/share/little_warehouse/rviz/tb3_coppeliasim.rviz
[15.328s] -- Installing: /home/alumno.upv.es.mbelmar/W/GIIROB/G3/ROM/myGitHub/ROM_2425/ros2_ws/install/little_warehouse/share/little_warehouse/rviz/tb3_coppeliasim_map.rviz
[15.361s] -- Installing: /home/alumno.upv.es.mbelmar/W/GIIROB/G3/ROM/myGitHub/ROM_2425/ros2_ws/install/little_warehouse/share/little_warehouse/urdf
[15.373s] -- Installing: /home/alumno.upv.es.mbelmar/W/GIIROB/G3/ROM/myGitHub/ROM_2425/ros2_ws/install/little_warehouse/share/little_warehouse/urdf/turtlebot3_burger.urdf
[15.413s] -- Installing: /home/alumno.upv.es.mbelmar/W/GIIROB/G3/ROM/myGitHub/ROM_2425/ros2_ws/install/little_warehouse/share/little_warehouse/urdf/turtlebot3_burger_cam.urdf
[15.455s] -- Installing: /home/alumno.upv.es.mbelmar/W/GIIROB/G3/ROM/myGitHub/ROM_2425/ros2_ws/install/little_warehouse/share/little_warehouse/urdf/common_properties.urdf
[15.492s] -- Installing: /home/alumno.upv.es.mbelmar/W/GIIROB/G3/ROM/myGitHub/ROM_2425/ros2_ws/install/little_warehouse/share/little_warehouse/models
[15.507s] -- Installing: /home/alumno.upv.es.mbelmar/W/GIIROB/G3/ROM/myGitHub/ROM_2425/ros2_ws/install/little_warehouse/share/little_warehouse/models/turtlebot3_burger
[15.520s] -- Installing: /home/alumno.upv.es.mbelmar/W/GIIROB/G3/ROM/myGitHub/ROM_2425/ros2_ws/install/little_warehouse/share/little_warehouse/models/turtlebot3_burger/model.config
[15.567s] -- Installing: /home/alumno.upv.es.mbelmar/W/GIIROB/G3/ROM/myGitHub/ROM_2425/ros2_ws/install/little_warehouse/share/little_warehouse/models/turtlebot3_burger/model-1_4.sdf
[15.627s] -- Installing: /home/alumno.upv.es.mbelmar/W/GIIROB/G3/ROM/myGitHub/ROM_2425/ros2_ws/install/little_warehouse/share/little_warehouse/models/turtlebot3_burger/model.sdf
[15.708s] -- Installing: /home/alumno.upv.es.mbelmar/W/GIIROB/G3/ROM/myGitHub/ROM_2425/ros2_ws/install/little_warehouse/share/ament_index/resource_index/package_run_dependencies/little_warehouse
[15.756s] -- Installing: /home/alumno.upv.es.mbelmar/W/GIIROB/G3/ROM/myGitHub/ROM_2425/ros2_ws/install/little_warehouse/share/ament_index/resource_index/parent_prefix_path/little_warehouse
[15.796s] -- Installing: /home/alumno.upv.es.mbelmar/W/GIIROB/G3/ROM/myGitHub/ROM_2425/ros2_ws/install/little_warehouse/share/little_warehouse/environment/ament_prefix_path.sh
[15.830s] -- Installing: /home/alumno.upv.es.mbelmar/W/GIIROB/G3/ROM/myGitHub/ROM_2425/ros2_ws/install/little_warehouse/share/little_warehouse/environment/ament_prefix_path.dsv
[15.862s] -- Installing: /home/alumno.upv.es.mbelmar/W/GIIROB/G3/ROM/myGitHub/ROM_2425/ros2_ws/install/little_warehouse/share/little_warehouse/environment/path.sh
[15.897s] -- Installing: /home/alumno.upv.es.mbelmar/W/GIIROB/G3/ROM/myGitHub/ROM_2425/ros2_ws/install/little_warehouse/share/little_warehouse/environment/path.dsv
[15.935s] -- Installing: /home/alumno.upv.es.mbelmar/W/GIIROB/G3/ROM/myGitHub/ROM_2425/ros2_ws/install/little_warehouse/share/little_warehouse/local_setup.bash
[15.974s] -- Installing: /home/alumno.upv.es.mbelmar/W/GIIROB/G3/ROM/myGitHub/ROM_2425/ros2_ws/install/little_warehouse/share/little_warehouse/local_setup.sh
[16.011s] -- Installing: /home/alumno.upv.es.mbelmar/W/GIIROB/G3/ROM/myGitHub/ROM_2425/ros2_ws/install/little_warehouse/share/little_warehouse/local_setup.zsh
[16.049s] -- Installing: /home/alumno.upv.es.mbelmar/W/GIIROB/G3/ROM/myGitHub/ROM_2425/ros2_ws/install/little_warehouse/share/little_warehouse/local_setup.dsv
[16.083s] -- Installing: /home/alumno.upv.es.mbelmar/W/GIIROB/G3/ROM/myGitHub/ROM_2425/ros2_ws/install/little_warehouse/share/little_warehouse/package.dsv
[16.137s] -- Installing: /home/alumno.upv.es.mbelmar/W/GIIROB/G3/ROM/myGitHub/ROM_2425/ros2_ws/install/little_warehouse/share/ament_index/resource_index/packages/little_warehouse
[16.188s] -- Installing: /home/alumno.upv.es.mbelmar/W/GIIROB/G3/ROM/myGitHub/ROM_2425/ros2_ws/install/little_warehouse/share/little_warehouse/cmake/ament_cmake_export_include_directories-extras.cmake
[16.226s] -- Installing: /home/alumno.upv.es.mbelmar/W/GIIROB/G3/ROM/myGitHub/ROM_2425/ros2_ws/install/little_warehouse/share/little_warehouse/cmake/little_warehouseConfig.cmake
[16.270s] -- Installing: /home/alumno.upv.es.mbelmar/W/GIIROB/G3/ROM/myGitHub/ROM_2425/ros2_ws/install/little_warehouse/share/little_warehouse/cmake/little_warehouseConfig-version.cmake
[16.310s] -- Installing: /home/alumno.upv.es.mbelmar/W/GIIROB/G3/ROM/myGitHub/ROM_2425/ros2_ws/install/little_warehouse/share/little_warehouse/package.xml
[16.364s] Invoked command in '/home/alumno.upv.es.mbelmar/W/GIIROB/G3/ROM/myGitHub/ROM_2425/ros2_ws/build/little_warehouse' returned '0': CMAKE_PREFIX_PATH=/opt/ros/humble /usr/bin/cmake --install /home/alumno.upv.es.mbelmar/W/GIIROB/G3/ROM/myGitHub/ROM_2425/ros2_ws/build/little_warehouse
