[0.202s] DEBUG:colcon:Command line arguments: ['/usr/bin/colcon', 'build']
[0.203s] DEBUG:colcon:Parsed command line arguments: Namespace(log_base=None, log_level=None, verb_name='build', build_base='build', install_base='install', merge_install=False, symlink_install=False, test_result_base=None, continue_on_error=False, executor='parallel', parallel_workers=6, event_handlers=None, ignore_user_meta=False, metas=['./colcon.meta'], base_paths=['.'], packages_ignore=None, packages_ignore_regex=None, paths=None, packages_up_to=None, packages_up_to_regex=None, packages_above=None, packages_above_and_dependencies=None, packages_above_depth=None, packages_select_by_dep=None, packages_skip_by_dep=None, packages_skip_up_to=None, packages_select_build_failed=False, packages_skip_build_finished=False, packages_select_test_failures=False, packages_skip_test_passed=False, packages_select=None, packages_skip=None, packages_select_regex=None, packages_skip_regex=None, packages_start=None, packages_end=None, allow_overriding=[], cmake_args=None, cmake_target=None, cmake_target_skip_unavailable=False, cmake_clean_cache=False, cmake_clean_first=False, cmake_force_configure=False, ament_cmake_args=None, catkin_cmake_args=None, catkin_skip_building_tests=False, mixin_files=None, mixin=None, verb_parser=<colcon_mixin.mixin.mixin_argument.MixinArgumentDecorator object at 0x7f34529208e0>, verb_extension=<colcon_core.verb.build.BuildVerb object at 0x7f3452920430>, main=<bound method BuildVerb.main of <colcon_core.verb.build.BuildVerb object at 0x7f3452920430>>, mixin_verb=('build',))
[0.570s] Level 1:colcon.colcon_core.package_discovery:discover_packages(colcon_meta) check parameters
[0.571s] Level 1:colcon.colcon_core.package_discovery:discover_packages(recursive) check parameters
[0.571s] Level 1:colcon.colcon_core.package_discovery:discover_packages(ignore) check parameters
[0.571s] Level 1:colcon.colcon_core.package_discovery:discover_packages(path) check parameters
[0.571s] Level 1:colcon.colcon_core.package_discovery:discover_packages(colcon_meta) discover
[0.572s] Level 1:colcon.colcon_core.package_discovery:discover_packages(recursive) discover
[0.572s] INFO:colcon.colcon_core.package_discovery:Crawling recursively for packages in '/home/alumno.upv.es.mbelmar/W/GIIROB/G3/ROM/myGitHub/ROM_2425/ros2_ws'
[0.575s] Level 1:colcon.colcon_core.package_identification:_identify(.) by extensions ['ignore', 'ignore_ament_install']
[0.575s] Level 1:colcon.colcon_core.package_identification:_identify(.) by extension 'ignore'
[0.576s] Level 1:colcon.colcon_core.package_identification:_identify(.) by extension 'ignore_ament_install'
[0.582s] Level 1:colcon.colcon_core.package_identification:_identify(.) by extensions ['colcon_pkg']
[0.582s] Level 1:colcon.colcon_core.package_identification:_identify(.) by extension 'colcon_pkg'
[0.584s] Level 1:colcon.colcon_core.package_identification:_identify(.) by extensions ['colcon_meta']
[0.584s] Level 1:colcon.colcon_core.package_identification:_identify(.) by extension 'colcon_meta'
[0.584s] Level 1:colcon.colcon_core.package_identification:_identify(.) by extensions ['ros']
[0.584s] Level 1:colcon.colcon_core.package_identification:_identify(.) by extension 'ros'
[0.610s] Level 1:colcon.colcon_core.package_identification:_identify(.) by extensions ['cmake', 'python']
[0.610s] Level 1:colcon.colcon_core.package_identification:_identify(.) by extension 'cmake'
[0.612s] Level 1:colcon.colcon_core.package_identification:_identify(.) by extension 'python'
[0.614s] Level 1:colcon.colcon_core.package_identification:_identify(.) by extensions ['python_setup_py']
[0.614s] Level 1:colcon.colcon_core.package_identification:_identify(.) by extension 'python_setup_py'
[0.619s] Level 1:colcon.colcon_core.package_identification:_identify(build) by extensions ['ignore', 'ignore_ament_install']
[0.619s] Level 1:colcon.colcon_core.package_identification:_identify(build) by extension 'ignore'
[0.620s] Level 1:colcon.colcon_core.package_identification:_identify(build) ignored
[0.623s] Level 1:colcon.colcon_core.package_identification:_identify(install) by extensions ['ignore', 'ignore_ament_install']
[0.623s] Level 1:colcon.colcon_core.package_identification:_identify(install) by extension 'ignore'
[0.623s] Level 1:colcon.colcon_core.package_identification:_identify(install) ignored
[0.629s] Level 1:colcon.colcon_core.package_identification:_identify(log) by extensions ['ignore', 'ignore_ament_install']
[0.629s] Level 1:colcon.colcon_core.package_identification:_identify(log) by extension 'ignore'
[0.629s] Level 1:colcon.colcon_core.package_identification:_identify(log) ignored
[0.632s] Level 1:colcon.colcon_core.package_identification:_identify(src) by extensions ['ignore', 'ignore_ament_install']
[0.632s] Level 1:colcon.colcon_core.package_identification:_identify(src) by extension 'ignore'
[0.633s] Level 1:colcon.colcon_core.package_identification:_identify(src) by extension 'ignore_ament_install'
[0.635s] Level 1:colcon.colcon_core.package_identification:_identify(src) by extensions ['colcon_pkg']
[0.635s] Level 1:colcon.colcon_core.package_identification:_identify(src) by extension 'colcon_pkg'
[0.642s] Level 1:colcon.colcon_core.package_identification:_identify(src) by extensions ['colcon_meta']
[0.642s] Level 1:colcon.colcon_core.package_identification:_identify(src) by extension 'colcon_meta'
[0.642s] Level 1:colcon.colcon_core.package_identification:_identify(src) by extensions ['ros']
[0.642s] Level 1:colcon.colcon_core.package_identification:_identify(src) by extension 'ros'
[0.652s] Level 1:colcon.colcon_core.package_identification:_identify(src) by extensions ['cmake', 'python']
[0.652s] Level 1:colcon.colcon_core.package_identification:_identify(src) by extension 'cmake'
[0.654s] Level 1:colcon.colcon_core.package_identification:_identify(src) by extension 'python'
[0.656s] Level 1:colcon.colcon_core.package_identification:_identify(src) by extensions ['python_setup_py']
[0.656s] Level 1:colcon.colcon_core.package_identification:_identify(src) by extension 'python_setup_py'
[0.659s] Level 1:colcon.colcon_core.package_identification:_identify(src/little_warehouse) by extensions ['ignore', 'ignore_ament_install']
[0.659s] Level 1:colcon.colcon_core.package_identification:_identify(src/little_warehouse) by extension 'ignore'
[0.662s] Level 1:colcon.colcon_core.package_identification:_identify(src/little_warehouse) by extension 'ignore_ament_install'
[0.667s] Level 1:colcon.colcon_core.package_identification:_identify(src/little_warehouse) by extensions ['colcon_pkg']
[0.667s] Level 1:colcon.colcon_core.package_identification:_identify(src/little_warehouse) by extension 'colcon_pkg'
[0.669s] Level 1:colcon.colcon_core.package_identification:_identify(src/little_warehouse) by extensions ['colcon_meta']
[0.669s] Level 1:colcon.colcon_core.package_identification:_identify(src/little_warehouse) by extension 'colcon_meta'
[0.669s] Level 1:colcon.colcon_core.package_identification:_identify(src/little_warehouse) by extensions ['ros']
[0.669s] Level 1:colcon.colcon_core.package_identification:_identify(src/little_warehouse) by extension 'ros'
[0.681s] DEBUG:colcon.colcon_core.package_identification:Package 'src/little_warehouse' with type 'ros.ament_cmake' and name 'little_warehouse'
[0.681s] Level 1:colcon.colcon_core.package_discovery:discover_packages(recursive) using defaults
[0.681s] Level 1:colcon.colcon_core.package_discovery:discover_packages(ignore) discover
[0.681s] Level 1:colcon.colcon_core.package_discovery:discover_packages(ignore) using defaults
[0.681s] Level 1:colcon.colcon_core.package_discovery:discover_packages(path) discover
[0.681s] Level 1:colcon.colcon_core.package_discovery:discover_packages(path) using defaults
[0.728s] Level 1:colcon.colcon_core.package_discovery:discover_packages(prefix_path) check parameters
[0.728s] Level 1:colcon.colcon_core.package_discovery:discover_packages(prefix_path) discover
[0.735s] DEBUG:colcon.colcon_installed_package_information.package_discovery:Found 378 installed packages in /opt/ros/humble
[0.742s] Level 1:colcon.colcon_core.package_discovery:discover_packages(prefix_path) using defaults
[0.832s] Level 5:colcon.colcon_core.verb:set package 'little_warehouse' build argument 'cmake_args' from command line to 'None'
[0.832s] Level 5:colcon.colcon_core.verb:set package 'little_warehouse' build argument 'cmake_target' from command line to 'None'
[0.832s] Level 5:colcon.colcon_core.verb:set package 'little_warehouse' build argument 'cmake_target_skip_unavailable' from command line to 'False'
[0.832s] Level 5:colcon.colcon_core.verb:set package 'little_warehouse' build argument 'cmake_clean_cache' from command line to 'False'
[0.832s] Level 5:colcon.colcon_core.verb:set package 'little_warehouse' build argument 'cmake_clean_first' from command line to 'False'
[0.832s] Level 5:colcon.colcon_core.verb:set package 'little_warehouse' build argument 'cmake_force_configure' from command line to 'False'
[0.833s] Level 5:colcon.colcon_core.verb:set package 'little_warehouse' build argument 'ament_cmake_args' from command line to 'None'
[0.833s] Level 5:colcon.colcon_core.verb:set package 'little_warehouse' build argument 'catkin_cmake_args' from command line to 'None'
[0.833s] Level 5:colcon.colcon_core.verb:set package 'little_warehouse' build argument 'catkin_skip_building_tests' from command line to 'False'
[0.833s] DEBUG:colcon.colcon_core.verb:Building package 'little_warehouse' with the following arguments: {'ament_cmake_args': None, 'build_base': '/home/alumno.upv.es.mbelmar/W/GIIROB/G3/ROM/myGitHub/ROM_2425/ros2_ws/build/little_warehouse', 'catkin_cmake_args': None, 'catkin_skip_building_tests': False, 'cmake_args': None, 'cmake_clean_cache': False, 'cmake_clean_first': False, 'cmake_force_configure': False, 'cmake_target': None, 'cmake_target_skip_unavailable': False, 'install_base': '/home/alumno.upv.es.mbelmar/W/GIIROB/G3/ROM/myGitHub/ROM_2425/ros2_ws/install/little_warehouse', 'merge_install': False, 'path': '/home/alumno.upv.es.mbelmar/W/GIIROB/G3/ROM/myGitHub/ROM_2425/ros2_ws/src/little_warehouse', 'symlink_install': False, 'test_result_base': None}
[0.833s] INFO:colcon.colcon_core.executor:Executing jobs using 'parallel' executor
[0.836s] DEBUG:colcon.colcon_parallel_executor.executor.parallel:run_until_complete
[0.836s] INFO:colcon.colcon_ros.task.ament_cmake.build:Building ROS package in '/home/alumno.upv.es.mbelmar/W/GIIROB/G3/ROM/myGitHub/ROM_2425/ros2_ws/src/little_warehouse' with build type 'ament_cmake'
[0.836s] INFO:colcon.colcon_cmake.task.cmake.build:Building CMake package in '/home/alumno.upv.es.mbelmar/W/GIIROB/G3/ROM/myGitHub/ROM_2425/ros2_ws/src/little_warehouse'
[0.839s] INFO:colcon.colcon_core.plugin_system:Skipping extension 'colcon_core.shell.bat': Not used on non-Windows systems
[0.839s] INFO:colcon.colcon_core.shell:Skip shell extension 'powershell' for command environment: Not usable outside of PowerShell
[0.839s] DEBUG:colcon.colcon_core.shell:Skip shell extension 'dsv' for command environment
[1.015s] DEBUG:colcon.colcon_core.event_handler.log_command:Invoking command in '/home/alumno.upv.es.mbelmar/W/GIIROB/G3/ROM/myGitHub/ROM_2425/ros2_ws/build/little_warehouse': CMAKE_PREFIX_PATH=/opt/ros/humble /usr/bin/cmake --build /home/alumno.upv.es.mbelmar/W/GIIROB/G3/ROM/myGitHub/ROM_2425/ros2_ws/build/little_warehouse -- -j6 -l6
[1.362s] DEBUG:colcon.colcon_core.event_handler.log_command:Invoked command in '/home/alumno.upv.es.mbelmar/W/GIIROB/G3/ROM/myGitHub/ROM_2425/ros2_ws/build/little_warehouse' returned '0': CMAKE_PREFIX_PATH=/opt/ros/humble /usr/bin/cmake --build /home/alumno.upv.es.mbelmar/W/GIIROB/G3/ROM/myGitHub/ROM_2425/ros2_ws/build/little_warehouse -- -j6 -l6
[1.425s] DEBUG:colcon.colcon_core.event_handler.log_command:Invoking command in '/home/alumno.upv.es.mbelmar/W/GIIROB/G3/ROM/myGitHub/ROM_2425/ros2_ws/build/little_warehouse': CMAKE_PREFIX_PATH=/opt/ros/humble /usr/bin/cmake --install /home/alumno.upv.es.mbelmar/W/GIIROB/G3/ROM/myGitHub/ROM_2425/ros2_ws/build/little_warehouse
[1.614s] Level 1:colcon.colcon_core.environment:create_environment_scripts_only(little_warehouse)
[1.615s] DEBUG:colcon.colcon_core.event_handler.log_command:Invoked command in '/home/alumno.upv.es.mbelmar/W/GIIROB/G3/ROM/myGitHub/ROM_2425/ros2_ws/build/little_warehouse' returned '0': CMAKE_PREFIX_PATH=/opt/ros/humble /usr/bin/cmake --install /home/alumno.upv.es.mbelmar/W/GIIROB/G3/ROM/myGitHub/ROM_2425/ros2_ws/build/little_warehouse
[1.618s] Level 1:colcon.colcon_core.environment:checking '/home/alumno.upv.es.mbelmar/W/GIIROB/G3/ROM/myGitHub/ROM_2425/ros2_ws/install/little_warehouse' for CMake module files
[1.636s] Level 1:colcon.colcon_core.environment:checking '/home/alumno.upv.es.mbelmar/W/GIIROB/G3/ROM/myGitHub/ROM_2425/ros2_ws/install/little_warehouse' for CMake config files
[1.696s] Level 1:colcon.colcon_core.shell:create_environment_hook('little_warehouse', 'cmake_prefix_path')
[1.697s] INFO:colcon.colcon_core.shell:Creating environment hook '/home/alumno.upv.es.mbelmar/W/GIIROB/G3/ROM/myGitHub/ROM_2425/ros2_ws/install/little_warehouse/share/little_warehouse/hook/cmake_prefix_path.ps1'
[1.711s] INFO:colcon.colcon_core.shell:Creating environment descriptor '/home/alumno.upv.es.mbelmar/W/GIIROB/G3/ROM/myGitHub/ROM_2425/ros2_ws/install/little_warehouse/share/little_warehouse/hook/cmake_prefix_path.dsv'
[1.724s] INFO:colcon.colcon_core.shell:Creating environment hook '/home/alumno.upv.es.mbelmar/W/GIIROB/G3/ROM/myGitHub/ROM_2425/ros2_ws/install/little_warehouse/share/little_warehouse/hook/cmake_prefix_path.sh'
[1.744s] Level 1:colcon.colcon_core.environment:checking '/home/alumno.upv.es.mbelmar/W/GIIROB/G3/ROM/myGitHub/ROM_2425/ros2_ws/install/little_warehouse/lib'
[1.747s] Level 1:colcon.colcon_core.environment:checking '/home/alumno.upv.es.mbelmar/W/GIIROB/G3/ROM/myGitHub/ROM_2425/ros2_ws/install/little_warehouse/bin'
[1.748s] Level 1:colcon.colcon_core.environment:checking '/home/alumno.upv.es.mbelmar/W/GIIROB/G3/ROM/myGitHub/ROM_2425/ros2_ws/install/little_warehouse/lib/pkgconfig/little_warehouse.pc'
[1.749s] Level 1:colcon.colcon_core.environment:checking '/home/alumno.upv.es.mbelmar/W/GIIROB/G3/ROM/myGitHub/ROM_2425/ros2_ws/install/little_warehouse/lib/python3.10/site-packages'
[1.750s] Level 1:colcon.colcon_core.environment:checking '/home/alumno.upv.es.mbelmar/W/GIIROB/G3/ROM/myGitHub/ROM_2425/ros2_ws/install/little_warehouse/bin'
[1.751s] INFO:colcon.colcon_core.shell:Creating package script '/home/alumno.upv.es.mbelmar/W/GIIROB/G3/ROM/myGitHub/ROM_2425/ros2_ws/install/little_warehouse/share/little_warehouse/package.ps1'
[1.765s] INFO:colcon.colcon_core.shell:Creating package descriptor '/home/alumno.upv.es.mbelmar/W/GIIROB/G3/ROM/myGitHub/ROM_2425/ros2_ws/install/little_warehouse/share/little_warehouse/package.dsv'
[1.778s] INFO:colcon.colcon_core.shell:Creating package script '/home/alumno.upv.es.mbelmar/W/GIIROB/G3/ROM/myGitHub/ROM_2425/ros2_ws/install/little_warehouse/share/little_warehouse/package.sh'
[1.791s] INFO:colcon.colcon_core.shell:Creating package script '/home/alumno.upv.es.mbelmar/W/GIIROB/G3/ROM/myGitHub/ROM_2425/ros2_ws/install/little_warehouse/share/little_warehouse/package.bash'
[1.803s] INFO:colcon.colcon_core.shell:Creating package script '/home/alumno.upv.es.mbelmar/W/GIIROB/G3/ROM/myGitHub/ROM_2425/ros2_ws/install/little_warehouse/share/little_warehouse/package.zsh'
[1.821s] Level 1:colcon.colcon_core.environment:create_file_with_runtime_dependencies(/home/alumno.upv.es.mbelmar/W/GIIROB/G3/ROM/myGitHub/ROM_2425/ros2_ws/install/little_warehouse/share/colcon-core/packages/little_warehouse)
[1.850s] Level 1:colcon.colcon_core.environment:create_environment_scripts_only(little_warehouse)
[1.851s] Level 1:colcon.colcon_core.environment:checking '/home/alumno.upv.es.mbelmar/W/GIIROB/G3/ROM/myGitHub/ROM_2425/ros2_ws/install/little_warehouse' for CMake module files
[1.862s] Level 1:colcon.colcon_core.environment:checking '/home/alumno.upv.es.mbelmar/W/GIIROB/G3/ROM/myGitHub/ROM_2425/ros2_ws/install/little_warehouse' for CMake config files
[1.921s] Level 1:colcon.colcon_core.shell:create_environment_hook('little_warehouse', 'cmake_prefix_path')
[1.921s] INFO:colcon.colcon_core.shell:Creating environment hook '/home/alumno.upv.es.mbelmar/W/GIIROB/G3/ROM/myGitHub/ROM_2425/ros2_ws/install/little_warehouse/share/little_warehouse/hook/cmake_prefix_path.ps1'
[1.936s] INFO:colcon.colcon_core.shell:Creating environment descriptor '/home/alumno.upv.es.mbelmar/W/GIIROB/G3/ROM/myGitHub/ROM_2425/ros2_ws/install/little_warehouse/share/little_warehouse/hook/cmake_prefix_path.dsv'
[1.949s] INFO:colcon.colcon_core.shell:Creating environment hook '/home/alumno.upv.es.mbelmar/W/GIIROB/G3/ROM/myGitHub/ROM_2425/ros2_ws/install/little_warehouse/share/little_warehouse/hook/cmake_prefix_path.sh'
[1.966s] Level 1:colcon.colcon_core.environment:checking '/home/alumno.upv.es.mbelmar/W/GIIROB/G3/ROM/myGitHub/ROM_2425/ros2_ws/install/little_warehouse/lib'
[1.969s] Level 1:colcon.colcon_core.environment:checking '/home/alumno.upv.es.mbelmar/W/GIIROB/G3/ROM/myGitHub/ROM_2425/ros2_ws/install/little_warehouse/bin'
[1.969s] Level 1:colcon.colcon_core.environment:checking '/home/alumno.upv.es.mbelmar/W/GIIROB/G3/ROM/myGitHub/ROM_2425/ros2_ws/install/little_warehouse/lib/pkgconfig/little_warehouse.pc'
[1.969s] Level 1:colcon.colcon_core.environment:checking '/home/alumno.upv.es.mbelmar/W/GIIROB/G3/ROM/myGitHub/ROM_2425/ros2_ws/install/little_warehouse/lib/python3.10/site-packages'
[1.969s] Level 1:colcon.colcon_core.environment:checking '/home/alumno.upv.es.mbelmar/W/GIIROB/G3/ROM/myGitHub/ROM_2425/ros2_ws/install/little_warehouse/bin'
[1.970s] INFO:colcon.colcon_core.shell:Creating package script '/home/alumno.upv.es.mbelmar/W/GIIROB/G3/ROM/myGitHub/ROM_2425/ros2_ws/install/little_warehouse/share/little_warehouse/package.ps1'
[1.984s] INFO:colcon.colcon_core.shell:Creating package descriptor '/home/alumno.upv.es.mbelmar/W/GIIROB/G3/ROM/myGitHub/ROM_2425/ros2_ws/install/little_warehouse/share/little_warehouse/package.dsv'
[1.998s] INFO:colcon.colcon_core.shell:Creating package script '/home/alumno.upv.es.mbelmar/W/GIIROB/G3/ROM/myGitHub/ROM_2425/ros2_ws/install/little_warehouse/share/little_warehouse/package.sh'
[2.014s] INFO:colcon.colcon_core.shell:Creating package script '/home/alumno.upv.es.mbelmar/W/GIIROB/G3/ROM/myGitHub/ROM_2425/ros2_ws/install/little_warehouse/share/little_warehouse/package.bash'
[2.025s] INFO:colcon.colcon_core.shell:Creating package script '/home/alumno.upv.es.mbelmar/W/GIIROB/G3/ROM/myGitHub/ROM_2425/ros2_ws/install/little_warehouse/share/little_warehouse/package.zsh'
[2.042s] Level 1:colcon.colcon_core.environment:create_file_with_runtime_dependencies(/home/alumno.upv.es.mbelmar/W/GIIROB/G3/ROM/myGitHub/ROM_2425/ros2_ws/install/little_warehouse/share/colcon-core/packages/little_warehouse)
[2.056s] DEBUG:colcon.colcon_parallel_executor.executor.parallel:closing loop
[2.056s] DEBUG:colcon.colcon_parallel_executor.executor.parallel:loop closed
[2.056s] DEBUG:colcon.colcon_parallel_executor.executor.parallel:run_until_complete finished with '0'
[2.056s] DEBUG:colcon.colcon_core.event_reactor:joining thread
[2.105s] INFO:colcon.colcon_core.plugin_system:Skipping extension 'colcon_notification.desktop_notification.terminal_notifier': Not used on non-Darwin systems
[2.105s] INFO:colcon.colcon_core.plugin_system:Skipping extension 'colcon_notification.desktop_notification.win32': Not used on non-Windows systems
[2.105s] INFO:colcon.colcon_notification.desktop_notification:Sending desktop notification using 'notify2'
[2.130s] DEBUG:colcon.colcon_core.event_reactor:joined thread
[2.130s] INFO:colcon.colcon_core.shell:Creating prefix script '/home/alumno.upv.es.mbelmar/W/GIIROB/G3/ROM/myGitHub/ROM_2425/ros2_ws/install/local_setup.ps1'
[2.154s] INFO:colcon.colcon_core.shell:Creating prefix util module '/home/alumno.upv.es.mbelmar/W/GIIROB/G3/ROM/myGitHub/ROM_2425/ros2_ws/install/_local_setup_util_ps1.py'
[2.174s] INFO:colcon.colcon_core.shell:Creating prefix chain script '/home/alumno.upv.es.mbelmar/W/GIIROB/G3/ROM/myGitHub/ROM_2425/ros2_ws/install/setup.ps1'
[2.192s] INFO:colcon.colcon_core.shell:Creating prefix script '/home/alumno.upv.es.mbelmar/W/GIIROB/G3/ROM/myGitHub/ROM_2425/ros2_ws/install/local_setup.sh'
[2.207s] INFO:colcon.colcon_core.shell:Creating prefix util module '/home/alumno.upv.es.mbelmar/W/GIIROB/G3/ROM/myGitHub/ROM_2425/ros2_ws/install/_local_setup_util_sh.py'
[2.230s] INFO:colcon.colcon_core.shell:Creating prefix chain script '/home/alumno.upv.es.mbelmar/W/GIIROB/G3/ROM/myGitHub/ROM_2425/ros2_ws/install/setup.sh'
[2.246s] INFO:colcon.colcon_core.shell:Creating prefix script '/home/alumno.upv.es.mbelmar/W/GIIROB/G3/ROM/myGitHub/ROM_2425/ros2_ws/install/local_setup.bash'
[2.263s] INFO:colcon.colcon_core.shell:Creating prefix chain script '/home/alumno.upv.es.mbelmar/W/GIIROB/G3/ROM/myGitHub/ROM_2425/ros2_ws/install/setup.bash'
[2.276s] INFO:colcon.colcon_core.shell:Creating prefix script '/home/alumno.upv.es.mbelmar/W/GIIROB/G3/ROM/myGitHub/ROM_2425/ros2_ws/install/local_setup.zsh'
[2.290s] INFO:colcon.colcon_core.shell:Creating prefix chain script '/home/alumno.upv.es.mbelmar/W/GIIROB/G3/ROM/myGitHub/ROM_2425/ros2_ws/install/setup.zsh'
